{"C:\\Users\\dev_r\\Downloads\\projects\\node_projects\\node_tdd\\src\\presentation\\controllers\\signup.ts": {"path":"C:\\Users\\dev_r\\Downloads\\projects\\node_projects\\node_tdd\\src\\presentation\\controllers\\signup.ts","all":false,"statementMap":{"0":{"start":{"line":1,"column":0},"end":{"line":1,"column":46}},"1":{"start":{"line":2,"column":0},"end":{"line":2,"column":62}},"2":{"start":{"line":3,"column":0},"end":{"line":3,"column":30}},"3":{"start":{"line":4,"column":0},"end":{"line":4,"column":52}},"4":{"start":{"line":5,"column":0},"end":{"line":5,"column":35}},"5":{"start":{"line":6,"column":0},"end":{"line":6,"column":20}},"6":{"start":{"line":7,"column":0},"end":{"line":7,"column":32}},"7":{"start":{"line":8,"column":0},"end":{"line":8,"column":52}},"8":{"start":{"line":9,"column":0},"end":{"line":9,"column":13}},"9":{"start":{"line":10,"column":0},"end":{"line":10,"column":9}},"10":{"start":{"line":11,"column":0},"end":{"line":11,"column":0}},"11":{"start":{"line":12,"column":0},"end":{"line":12,"column":36}},"12":{"start":{"line":13,"column":0},"end":{"line":13,"column":19}},"13":{"start":{"line":14,"column":0},"end":{"line":14,"column":32}},"14":{"start":{"line":15,"column":0},"end":{"line":15,"column":53}},"15":{"start":{"line":16,"column":0},"end":{"line":16,"column":13}},"16":{"start":{"line":17,"column":0},"end":{"line":17,"column":9}},"17":{"start":{"line":18,"column":0},"end":{"line":18,"column":5}},"18":{"start":{"line":19,"column":0},"end":{"line":19,"column":1}}},"s":{"0":1,"1":1,"2":1,"3":1,"4":2,"5":1,"6":1,"7":1,"8":1,"9":1,"10":1,"11":1,"12":1,"13":1,"14":1,"15":1,"16":1,"17":2,"18":1},"branchMap":{"0":{"type":"branch","line":4,"loc":{"start":{"line":4,"column":4},"end":{"line":18,"column":5}},"locations":[{"start":{"line":4,"column":4},"end":{"line":18,"column":5}}]},"1":{"type":"branch","line":5,"loc":{"start":{"line":5,"column":34},"end":{"line":17,"column":9}},"locations":[{"start":{"line":5,"column":34},"end":{"line":17,"column":9}}]}},"b":{"0":[2],"1":[1]},"fnMap":{"0":{"name":"handle","decl":{"start":{"line":4,"column":4},"end":{"line":18,"column":5}},"loc":{"start":{"line":4,"column":4},"end":{"line":18,"column":5}},"line":4}},"f":{"0":2}}
,"C:\\Users\\dev_r\\Downloads\\projects\\node_projects\\node_tdd\\src\\presentation\\errors\\index.ts": {"path":"C:\\Users\\dev_r\\Downloads\\projects\\node_projects\\node_tdd\\src\\presentation\\errors\\index.ts","all":false,"statementMap":{"0":{"start":{"line":1,"column":0},"end":{"line":1,"column":32}}},"s":{"0":1},"branchMap":{},"b":{},"fnMap":{},"f":{}}
,"C:\\Users\\dev_r\\Downloads\\projects\\node_projects\\node_tdd\\src\\presentation\\errors\\missing-params.ts": {"path":"C:\\Users\\dev_r\\Downloads\\projects\\node_projects\\node_tdd\\src\\presentation\\errors\\missing-params.ts","all":false,"statementMap":{"0":{"start":{"line":1,"column":0},"end":{"line":1,"column":46}},"1":{"start":{"line":2,"column":0},"end":{"line":2,"column":35}},"2":{"start":{"line":3,"column":0},"end":{"line":3,"column":45}},"3":{"start":{"line":4,"column":0},"end":{"line":4,"column":40}},"4":{"start":{"line":5,"column":0},"end":{"line":5,"column":5}},"5":{"start":{"line":6,"column":0},"end":{"line":6,"column":1}}},"s":{"0":1,"1":1,"2":4,"3":4,"4":4,"5":1},"branchMap":{"0":{"type":"branch","line":2,"loc":{"start":{"line":2,"column":4},"end":{"line":5,"column":5}},"locations":[{"start":{"line":2,"column":4},"end":{"line":5,"column":5}}]}},"b":{"0":[4]},"fnMap":{"0":{"name":"MissingParamsError","decl":{"start":{"line":2,"column":4},"end":{"line":5,"column":5}},"loc":{"start":{"line":2,"column":4},"end":{"line":5,"column":5}},"line":2}},"f":{"0":4}}
}
